#-----------------------------------------------------------
# Vivado v2019.2 (64-bit)
# SW Build 2708876 on Wed Nov  6 21:40:23 MST 2019
# IP Build 2700528 on Thu Nov  7 00:09:20 MST 2019
# Start of session at: Sun Feb 12 19:02:19 2023
# Process ID: 16224
# Current directory: C:/Users/momin/OneDrive/Desktop/Aaryan_Abhay_Vaibhavi_Assignment_1/Aaryan_Abhay_Vaibhavi_Assignment_1
# Command line: vivado.exe -gui_launcher_event rodinguilauncherevent16096 C:\Users\momin\OneDrive\Desktop\Aaryan_Abhay_Vaibhavi_Assignment_1\Aaryan_Abhay_Vaibhavi_Assignment_1\reg_file.xpr
# Log file: C:/Users/momin/OneDrive/Desktop/Aaryan_Abhay_Vaibhavi_Assignment_1/Aaryan_Abhay_Vaibhavi_Assignment_1/vivado.log
# Journal file: C:/Users/momin/OneDrive/Desktop/Aaryan_Abhay_Vaibhavi_Assignment_1/Aaryan_Abhay_Vaibhavi_Assignment_1\vivado.jou
#-----------------------------------------------------------
start_gui
open_project C:/Users/momin/OneDrive/Desktop/Aaryan_Abhay_Vaibhavi_Assignment_1/Aaryan_Abhay_Vaibhavi_Assignment_1/reg_file.xpr
INFO: [ProjectBase 1-489] The host OS only allows 260 characters in a normal path. The project is stored in a path with more than 80 characters. If you experience issues with IP, Block Designs, or files not being found, please consider moving the project to a location with a shorter path. Alternately consider using the OS subst command to map part of the path to a drive letter.
Current project path is 'C:/Users/momin/OneDrive/Desktop/Aaryan_Abhay_Vaibhavi_Assignment_1/Aaryan_Abhay_Vaibhavi_Assignment_1'
INFO: [Project 1-313] Project file moved from 'C:/Users/admin/Downloads/reg file zip/reg_file' since last save.
Scanning sources...
Finished scanning sources
WARNING: [filemgmt 56-2] Board Part Repository Path: Could not find the directory 'C:/Users/momin/Vaibhavi', nor could it be found using path 'C:/Users/Vaibhavi'.
WARNING: [filemgmt 56-2] Board Part Repository Path: Could not find the directory 'C:/Users/momin/OneDrive/AppData/Roaming/Xilinx/Vivado/Sharma/AppData/Roaming/Xilinx/Vivado/2019.2/xhub/board_store', nor could it be found using path 'C:/Users/admin/AppData/Roaming/Xilinx/Vivado/Sharma/AppData/Roaming/Xilinx/Vivado/2019.2/xhub/board_store'.
INFO: [IP_Flow 19-234] Refreshing IP repositories
INFO: [IP_Flow 19-1704] No user IP repositories specified
INFO: [IP_Flow 19-2313] Loaded Vivado IP repository 'C:/Xilinx/Vivado/2019.2/data/ip'.
open_project: Time (s): cpu = 00:00:17 ; elapsed = 00:00:09 . Memory (MB): peak = 942.027 ; gain = 299.97upupdate_compile_order -fileset sources_exclose_project
open_project C:/Users/momin/Assignment1/Assignment1.xpr
Scanning sources...
Finished scanning sources
INFO: [IP_Flow 19-234] Refreshing IP repositories
INFO: [IP_Flow 19-1704] No user IP repositories specified
INFO: [IP_Flow 19-2313] Loaded Vivado IP repository 'C:/Xilinx/Vivado/2019.2/data/ip'.
update_compile_order -fileset sources_1
open_project C:/Users/momin/OneDrive/Desktop/Test_Block/Test_Block/Test_Block.xpr
CRITICAL WARNING: [Project 1-19] Could not find the file 'C:/Users/momin/OneDrive/Desktop/Test_Block/Tapeout/alu_block.sv'.
CRITICAL WARNING: [Project 1-19] Could not find the file 'C:/Users/momin/OneDrive/Desktop/Test_Block/Tapeout/arith_alu.sv'.
CRITICAL WARNING: [Project 1-19] Could not find the file 'C:/Users/momin/OneDrive/Desktop/Test_Block/Tapeout/mux_block.sv'.
CRITICAL WARNING: [Project 1-19] Could not find the file 'C:/Users/momin/OneDrive/Desktop/Test_Block/Tapeout/processor.sv'.
CRITICAL WARNING: [Project 1-19] Could not find the file 'C:/Users/momin/OneDrive/Desktop/Test_Block/Tapeout/shift_alu.sv'.
CRITICAL WARNING: [Project 1-19] Could not find the file 'C:/Users/momin/OneDrive/Desktop/Test_Block/Tapeout/top_block.sv'.
CRITICAL WARNING: [Project 1-19] Could not find the file 'C:/Users/momin/OneDrive/Desktop/Test_Block/Tapeout/tb_golden.sv'.
Scanning sources...
Finished scanning sources
INFO: [IP_Flow 19-234] Refreshing IP repositories
INFO: [IP_Flow 19-1704] No user IP repositories specified
INFO: [IP_Flow 19-2313] Loaded Vivado IP repository 'C:/Xilinx/Vivado/2019.2/data/ip'.
update_compile_order -fileset sources_1
open_project C:/Users/momin/OneDrive/Desktop/Aaryan_Abhay_Vaibhavi_Assignment_1/Aaryan_Abhay_Vaibhavi_Assignment_1/reg_file.xpr
INFO: [ProjectBase 1-489] The host OS only allows 260 characters in a normal path. The project is stored in a path with more than 80 characters. If you experience issues with IP, Block Designs, or files not being found, please consider moving the project to a location with a shorter path. Alternately consider using the OS subst command to map part of the path to a drive letter.
Current project path is 'C:/Users/momin/OneDrive/Desktop/Aaryan_Abhay_Vaibhavi_Assignment_1/Aaryan_Abhay_Vaibhavi_Assignment_1'
INFO: [Project 1-313] Project file moved from 'C:/Users/admin/Downloads/reg file zip/reg_file' since last save.
Scanning sources...
Finished scanning sources
WARNING: [filemgmt 56-2] Board Part Repository Path: Could not find the directory 'C:/Users/momin/Vaibhavi', nor could it be found using path 'C:/Users/Vaibhavi'.
WARNING: [filemgmt 56-2] Board Part Repository Path: Could not find the directory 'C:/Users/momin/OneDrive/AppData/Roaming/Xilinx/Vivado/Sharma/AppData/Roaming/Xilinx/Vivado/2019.2/xhub/board_store', nor could it be found using path 'C:/Users/admin/AppData/Roaming/Xilinx/Vivado/Sharma/AppData/Roaming/Xilinx/Vivado/2019.2/xhub/board_store'.
INFO: [IP_Flow 19-234] Refreshing IP repositories
INFO: [IP_Flow 19-1704] No user IP repositories specified
INFO: [IP_Flow 19-2313] Loaded Vivado IP repository 'C:/Xilinx/Vivado/2019.2/data/ip'.
update_compile_order -fileset sources_1
current_project Test_Block
close_project
current_project Assignment1
current_project reg_file
current_project Assignment1
current_project reg_file
current_project Assignment1
current_project reg_file
reset_run synth_1
launch_runs synth_1 -jobs 8
[Sun Feb 12 20:28:19 2023] Launched synth_1...
Run output will be captured here: C:/Users/momin/OneDrive/Desktop/Aaryan_Abhay_Vaibhavi_Assignment_1/Aaryan_Abhay_Vaibhavi_Assignment_1/reg_file.runs/synth_1/runme.log
launch_runs impl_1 -jobs 8
[Sun Feb 12 20:29:32 2023] Launched impl_1...
Run output will be captured here: C:/Users/momin/OneDrive/Desktop/Aaryan_Abhay_Vaibhavi_Assignment_1/Aaryan_Abhay_Vaibhavi_Assignment_1/reg_file.runs/impl_1/runme.log
launch_runs impl_1 -to_step write_bitstream -jobs 8
[Sun Feb 12 20:32:01 2023] Launched impl_1...
Run output will be captured here: C:/Users/momin/OneDrive/Desktop/Aaryan_Abhay_Vaibhavi_Assignment_1/Aaryan_Abhay_Vaibhavi_Assignment_1/reg_file.runs/impl_1/runme.log
open_hw_manager
connect_hw_server -allow_non_jtag
INFO: [Labtools 27-2285] Connecting to hw_server url TCP:localhost:3121
INFO: [Labtools 27-2222] Launching hw_server...
INFO: [Labtools 27-2221] Launch Output:

****** Xilinx hw_server v2019.2
  **** Build date : Nov  6 2019 at 22:12:23
    ** Copyright 1986-2019 Xilinx, Inc. All Rights Reserved.


INFO: [Labtools 27-3415] Connecting to cs_server url TCP:localhost:3042
INFO: [Labtools 27-3417] Launching cs_server...
INFO: [Labtools 27-2221] Launch Output:


****** Xilinx cs_server v2019.2.0
  **** Build date : Nov 07 2019-10:58:22
    ** Copyright 2017-2019 Xilinx, Inc. All Rights Reserved.



connect_hw_server: Time (s): cpu = 00:00:01 ; elapsed = 00:00:09 . Memory (MB): peak = 1251.422 ; gain = 0.000
open_hw_target
INFO: [Labtoolstcl 44-466] Opening hw_target localhost:3121/xilinx_tcf/Digilent/210183A8A84CA
open_hw_target: Time (s): cpu = 00:00:05 ; elapsed = 00:00:06 . Memory (MB): peak = 2360.395 ; gain = 1108.973
set_property PROGRAM.FILE {C:/Users/momin/OneDrive/Desktop/Aaryan_Abhay_Vaibhavi_Assignment_1/Aaryan_Abhay_Vaibhavi_Assignment_1/reg_file.runs/impl_1/topModule.bit} [get_hw_devices xc7a35t_0]
current_hw_device [get_hw_devices xc7a35t_0]
refresh_hw_device -update_hw_probes false [lindex [get_hw_devices xc7a35t_0] 0]
INFO: [Labtools 27-1434] Device xc7a35t (JTAG device index = 0) is programmed with a design that has no supported debug core(s) in it.
set_property PROBES.FILE {} [get_hw_devices xc7a35t_0]
set_property FULL_PROBES.FILE {} [get_hw_devices xc7a35t_0]
set_property PROGRAM.FILE {C:/Users/momin/OneDrive/Desktop/Aaryan_Abhay_Vaibhavi_Assignment_1/Aaryan_Abhay_Vaibhavi_Assignment_1/reg_file.runs/impl_1/topModule.bit} [get_hw_devices xc7a35t_0]
program_hw_devices [get_hw_devices xc7a35t_0]
INFO: [Labtools 27-3164] End of startup status: HIGH
refresh_hw_device [lindex [get_hw_devices xc7a35t_0] 0]
INFO: [Labtools 27-1434] Device xc7a35t (JTAG device index = 0) is programmed with a design that has no supported debug core(s) in it.
set_property PROBES.FILE {} [get_hw_devices xc7a35t_0]
set_property FULL_PROBES.FILE {} [get_hw_devices xc7a35t_0]
set_property PROGRAM.FILE {C:/Users/momin/OneDrive/Desktop/Aaryan_Abhay_Vaibhavi_Assignment_1/Aaryan_Abhay_Vaibhavi_Assignment_1/reg_file.runs/impl_1/topModule.bit} [get_hw_devices xc7a35t_0]
program_hw_devices [get_hw_devices xc7a35t_0]
INFO: [Labtools 27-3164] End of startup status: HIGH
refresh_hw_device [lindex [get_hw_devices xc7a35t_0] 0]
INFO: [Labtools 27-1434] Device xc7a35t (JTAG device index = 0) is programmed with a design that has no supported debug core(s) in it.
reset_run synth_1
launch_runs synth_1 -jobs 8
[Sun Feb 12 20:41:49 2023] Launched synth_1...
Run output will be captured here: C:/Users/momin/OneDrive/Desktop/Aaryan_Abhay_Vaibhavi_Assignment_1/Aaryan_Abhay_Vaibhavi_Assignment_1/reg_file.runs/synth_1/runme.log
launch_runs impl_1 -jobs 8
[Sun Feb 12 20:44:37 2023] Launched impl_1...
Run output will be captured here: C:/Users/momin/OneDrive/Desktop/Aaryan_Abhay_Vaibhavi_Assignment_1/Aaryan_Abhay_Vaibhavi_Assignment_1/reg_file.runs/impl_1/runme.log
launch_runs impl_1 -to_step write_bitstream -jobs 8
[Sun Feb 12 20:46:56 2023] Launched impl_1...
Run output will be captured here: C:/Users/momin/OneDrive/Desktop/Aaryan_Abhay_Vaibhavi_Assignment_1/Aaryan_Abhay_Vaibhavi_Assignment_1/reg_file.runs/impl_1/runme.log
open_run impl_1
INFO: [Device 21-403] Loading part xc7a35tcpg236-1
Netlist sorting complete. Time (s): cpu = 00:00:00 ; elapsed = 00:00:00.022 . Memory (MB): peak = 2653.902 ; gain = 0.000
INFO: [Netlist 29-17] Analyzing 303 Unisim elements for replacement
INFO: [Netlist 29-28] Unisim Transformation completed in 0 CPU seconds
INFO: [Project 1-479] Netlist was created with Vivado 2019.2
INFO: [Project 1-570] Preparing netlist for logic optimization
INFO: [Timing 38-478] Restoring timing data from binary archive.
INFO: [Timing 38-479] Binary timing data restore complete.
INFO: [Project 1-856] Restoring constraints from binary archive.
INFO: [Project 1-853] Binary constraint restore complete.
Reading XDEF placement.
Reading placer database...
Reading XDEF routing.
Read XDEF File: Time (s): cpu = 00:00:00 ; elapsed = 00:00:00.288 . Memory (MB): peak = 3328.352 ; gain = 0.000
Restored from archive | CPU: 0.000000 secs | Memory: 0.000000 MB |
Finished XDEF File Restore: Time (s): cpu = 00:00:00 ; elapsed = 00:00:00.289 . Memory (MB): peak = 3328.352 ; gain = 0.000
Netlist sorting complete. Time (s): cpu = 00:00:00 ; elapsed = 00:00:00 . Memory (MB): peak = 3328.352 ; gain = 0.000
INFO: [Project 1-111] Unisim Transformation Summary:
No Unisim elements were transformed.

open_run: Time (s): cpu = 00:00:26 ; elapsed = 00:00:25 . Memory (MB): peak = 3466.488 ; gain = 1074.812
WARNING: [Timing 38-313] There are no user specified timing constraints. Timing constraints are needed for proper timing analysis.
set_property PROBES.FILE {} [get_hw_devices xc7a35t_0]
set_property FULL_PROBES.FILE {} [get_hw_devices xc7a35t_0]
set_property PROGRAM.FILE {C:/Users/momin/OneDrive/Desktop/Aaryan_Abhay_Vaibhavi_Assignment_1/Aaryan_Abhay_Vaibhavi_Assignment_1/reg_file.runs/impl_1/topModule.bit} [get_hw_devices xc7a35t_0]
program_hw_devices [get_hw_devices xc7a35t_0]
INFO: [Labtools 27-3164] End of startup status: HIGH
refresh_hw_device [lindex [get_hw_devices xc7a35t_0] 0]
INFO: [Labtools 27-1434] Device xc7a35t (JTAG device index = 0) is programmed with a design that has no supported debug core(s) in it.
close_project
exit
INFO: [Common 17-206] Exiting Vivado at Sun Feb 12 20:52:32 2023...
